C:\Users\Administrator\Desktop\staff1\Debug\staff1.pdb
C:\Users\Administrator\Desktop\staff1\staff1\Debug\cl.command.1.tlog
C:\Users\Administrator\Desktop\staff1\staff1\Debug\CL.read.1.tlog
C:\Users\Administrator\Desktop\staff1\staff1\Debug\CL.write.1.tlog
C:\Users\Administrator\Desktop\staff1\staff1\Debug\link.command.1.tlog
C:\Users\Administrator\Desktop\staff1\staff1\Debug\link.read.1.tlog
C:\Users\Administrator\Desktop\staff1\staff1\Debug\link.write.1.tlog
C:\Users\Administrator\Desktop\staff1\staff1\Debug\link-cvtres.read.1.tlog
C:\Users\Administrator\Desktop\staff1\staff1\Debug\link-cvtres.write.1.tlog
C:\Users\Administrator\Desktop\staff1\staff1\Debug\rc.command.1.tlog
C:\Users\Administrator\Desktop\staff1\staff1\Debug\rc.read.1.tlog
C:\Users\Administrator\Desktop\staff1\staff1\Debug\rc.write.1.tlog
C:\USERS\ADMINISTRATOR\DESKTOP\STAFF1\STAFF1\DEBUG\STAFF.OBJ
C:\Users\Administrator\Desktop\staff1\staff1\Debug\staff1.exe.embed.manifest
C:\USERS\ADMINISTRATOR\DESKTOP\STAFF1\STAFF1\DEBUG\STAFF1.EXE.EMBED.MANIFEST.RES
C:\Users\Administrator\Desktop\staff1\staff1\Debug\staff1.exe.intermediate.manifest
C:\Users\Administrator\Desktop\staff1\staff1\Debug\staff1.write.1.tlog
C:\Users\Administrator\Desktop\staff1\staff1\Debug\staff1_manifest.rc
C:\Users\Administrator\Desktop\staff1\staff1\Debug\vc100.idb
C:\USERS\ADMINISTRATOR\DESKTOP\STAFF1\STAFF1\DEBUG\VC100.PDB
